<?xml version="1.0" encoding="UTF-8"?>
<!-- Generated by org.testng.reporters.JUnitReportReporter -->
<testsuite skipped="0" hostname="U0160891-TPD-A" name="com.org.restapi.tests.RestApiGetTests" tests="4" failures="0" timestamp="21 Nov 2018 13:06:42 GMT" time="1.313" errors="0">
  <testcase name="verifyStatusCode" time="0.001" classname="com.org.restapi.tests.RestApiGetTests"/>
  <testcase name="getCommentsTest" time="0.769" classname="com.org.restapi.tests.RestApiGetTests"/>
  <testcase name="getPostsTest" time="0.264" classname="com.org.restapi.tests.RestApiGetTests"/>
  <testcase name="getUsersTest" time="0.279" classname="com.org.restapi.tests.RestApiGetTests"/>
</testsuite> <!-- com.org.restapi.tests.RestApiGetTests -->
