<?xml version="1.0" encoding="UTF-8"?>
<!-- Generated by org.testng.reporters.JUnitReportReporter -->
<testsuite skipped="0" hostname="U0160891-TPD-A" name="com.org.restapi.tests.RestApiTests" tests="3" failures="0" timestamp="19 Nov 2018 15:17:52 GMT" time="1.300" errors="0">
  <testcase name="getCommentsTest" time="0.755" classname="com.org.restapi.tests.RestApiTests"/>
  <testcase name="getUsersTest" time="0.275" classname="com.org.restapi.tests.RestApiTests"/>
  <testcase name="getPostsTest" time="0.270" classname="com.org.restapi.tests.RestApiTests"/>
</testsuite> <!-- com.org.restapi.tests.RestApiTests -->
