<?xml version="1.0" encoding="UTF-8"?>
<!-- Generated by org.testng.reporters.JUnitReportReporter -->
<testsuite skipped="0" hostname="U0160891-TPD-A" name="com.org.restapi.tests.RestApiPutTests" tests="3" failures="0" timestamp="21 Nov 2018 13:13:37 GMT" time="1.215" errors="0">
  <testcase name="putCommentResourceTest" time="0.791" classname="com.org.restapi.tests.RestApiPutTests"/>
  <testcase name="putPostsTest" time="0.219" classname="com.org.restapi.tests.RestApiPutTests"/>
  <testcase name="putUsersTest" time="0.205" classname="com.org.restapi.tests.RestApiPutTests"/>
</testsuite> <!-- com.org.restapi.tests.RestApiPutTests -->
