<?xml version="1.0" encoding="UTF-8"?>
<!-- Generated by org.testng.reporters.JUnitReportReporter -->
<testsuite skipped="0" hostname="U0160891-TPD-A" name="com.org.restapi.tests.RestApiPostTests" tests="4" failures="0" timestamp="21 Nov 2018 13:12:05 GMT" time="1.204" errors="0">
  <testcase name="verifyStatusCode" time="0.009" classname="com.org.restapi.tests.RestApiPostTests"/>
  <testcase name="postCommentResourceTest" time="0.775" classname="com.org.restapi.tests.RestApiPostTests"/>
  <testcase name="postPostsTest" time="0.217" classname="com.org.restapi.tests.RestApiPostTests"/>
  <testcase name="postUsersTest" time="0.203" classname="com.org.restapi.tests.RestApiPostTests"/>
</testsuite> <!-- com.org.restapi.tests.RestApiPostTests -->
