<?xml version="1.0" encoding="UTF-8"?>
<!-- Generated by org.testng.reporters.JUnitReportReporter -->
<testsuite skipped="0" hostname="U0160891-TPD-A" name="com.org.ui.tests.NewUserTest" tests="2" failures="0" timestamp="21 Nov 2018 14:47:13 GMT" time="14.796" errors="0">
  <testcase name="testNewUser" time="13.974" classname="com.org.ui.tests.NewUserTest"/>
  <testcase name="testFilters" time="0.822" classname="com.org.ui.tests.NewUserTest"/>
</testsuite> <!-- com.org.ui.tests.NewUserTest -->
