<?xml version="1.0" encoding="UTF-8"?>
<!-- Generated by org.testng.reporters.JUnitReportReporter -->
<testsuite skipped="0" hostname="U0160891-TPD-A" name="NewUserTest" tests="1" failures="0" timestamp="16 Nov 2018 20:41:45 GMT" time="80.571" errors="0">
  <testcase name="testNewUser" time="80.571" classname="NewUserTest"/>
</testsuite> <!-- NewUserTest -->
