<?xml version="1.0" encoding="UTF-8"?>
<!-- Generated by org.testng.reporters.JUnitReportReporter -->
<testsuite skipped="0" hostname="U0160891-TPD-A" name="com.qa.tests.NewUserTest" tests="1" failures="0" timestamp="18 Nov 2018 20:45:01 GMT" time="157.611" errors="0">
  <testcase name="testNewUser" time="157.611" classname="com.qa.tests.NewUserTest"/>
</testsuite> <!-- com.qa.tests.NewUserTest -->
